<?xml version="1.0" encoding="UTF-8"?>
<testsuite xmlns:xsi="http://www.w3.org/2001/XMLSchema-instance" xsi:noNamespaceSchemaLocation="https://maven.apache.org/surefire/maven-surefire-plugin/xsd/surefire-test-report-3.0.xsd" version="3.0" name="com.data_management.FileDataReaderTest" time="0.109" tests="1" errors="1" skipped="0" failures="0">
  <properties>
[...]
</properties>
  <testcase name="testReadData" classname="com.data_management.FileDataReaderTest" time="0.107">
    <error type="java.lang.NullPointerException"><![CDATA[java.lang.NullPointerException: Cannot invoke "com.data_management.Patient.getRecordsLast(int, String)" because "patient" is null
	at com.data_management.FileDataReaderTest.testReadData(FileDataReaderTest.java:35)
]]></error>
    <system-out><![CDATA[null
]]></system-out>
  </testcase>
</testsuite>