<?xml version="1.0" encoding="UTF-8"?>
<testsuite xmlns:xsi="http://www.w3.org/2001/XMLSchema-instance" xsi:noNamespaceSchemaLocation="https://maven.apache.org/surefire/maven-surefire-plugin/xsd/surefire-test-report-3.0.xsd" version="3.0" name="com.alerts.AlertGeneratorTest" time="7.249" tests="7" errors="1" skipped="0" failures="0">
  <properties>
[...]
</properties>
  <testcase name="testEvaluateDataPressureTriggersAlert" classname="com.alerts.AlertGeneratorTest" time="1.1">
    <system-out><![CDATA[Patient  1 has the following alrt:  Blood Pressure Alert. Time:  1717968347932
]]></system-out>
  </testcase>
  <testcase name="testEvaluateDataEcgNoAlert" classname="com.alerts.AlertGeneratorTest" time="1.011"/>
  <testcase name="testEvaluateDataSaturationNoAlert" classname="com.alerts.AlertGeneratorTest" time="1.013"/>
  <testcase name="testEvaluateDataSaturationTriggersAlert" classname="com.alerts.AlertGeneratorTest" time="1.012">
    <system-out><![CDATA[Patient  1 has the following alrt:  Low Saturation Alert. Time:  1717968352028
]]></system-out>
  </testcase>
  <testcase name="testEvaluateDataPressureNoAlert" classname="com.alerts.AlertGeneratorTest" time="1.027">
    <error type="java.lang.NullPointerException"><![CDATA[java.lang.NullPointerException: Cannot invoke "java.util.List.isEmpty()" because "this.triggeredAlerts" is null
	at com.alerts.AlertGeneratorTest.testEvaluateDataPressureNoAlert(AlertGeneratorTest.java:142)
]]></error>
    <system-out><![CDATA[Patient  1 has the following alrt:  Blood Pressure Alert. Time:  1717968352033
Patient  1 has the following alrt:  Heart rate too fast, ECG alert. Time:  1717968352033
null
]]></system-out>
  </testcase>
  <testcase name="testEvaluateHypotensiveAlert" classname="com.alerts.AlertGeneratorTest" time="1.018">
    <system-out><![CDATA[Patient  1 has the following alrt:  HypotensiveHypoxemia Alert. Time:  1717968353077
Patient  1 has the following alrt:  Low Saturation Alert. Time:  1717968354082
Patient  1 has the following alrt:  Heart rate too fast, ECG alert. Time:  1717968353067
]]></system-out>
  </testcase>
  <testcase name="testEvaluateDataEcgAlert" classname="com.alerts.AlertGeneratorTest" time="1.019">
    <system-out><![CDATA[Patient  1 has the following alrt:  Heart rate too slow, ECG alert. Time:  1717968411086
]]></system-out>
  </testcase>
</testsuite>